<?xml version="1.0" encoding="UTF-8"?>
<!-- Generated by org.testng.reporters.JUnitReportReporter -->
<testsuite hostname="vikramatyasmini.lan" failures="0" tests="1" name="com.inetBanking.testCases.TC_AddCustomer_003" time="8.914" errors="0" timestamp="2022-01-31T22:42:54 EST" skipped="0">
  <testcase classname="com.inetBanking.testCases.TC_AddCustomer_003" name="addCustomer" time="8.914"/>
  <system-out/>
</testsuite> <!-- com.inetBanking.testCases.TC_AddCustomer_003 -->
