<?xml version="1.0" encoding="UTF-8"?>
<!-- Generated by org.testng.reporters.JUnitReportReporter -->
<testsuite hostname="vikramatyasmini.lan" failures="0" tests="1" name="com.inetBanking.testCases.random" time="0.003" errors="0" timestamp="2022-01-31T22:42:54 EST" skipped="0">
  <testcase classname="com.inetBanking.testCases.random" name="nothimg" time="0.003"/>
  <system-out/>
</testsuite> <!-- com.inetBanking.testCases.random -->
